<?xml version="1.0" encoding="UTF-8"?>
<!-- Generated by org.testng.reporters.JUnitXMLReporter -->
<testsuite hostname="MDLT222" ignored="3" tests="0" failures="0" timestamp="2020-05-15T11:42:15 IST" time="0.136" errors="0">
  <testcase name="search1" time="0.0" classname="appium.Demo1">
    <ignored/>
  </testcase> <!-- search1 -->
  <testcase name="search2" time="0.0" classname="appium.Demo1">
    <ignored/>
  </testcase> <!-- search2 -->
  <testcase name="search" time="0.0" classname="appium.Demo1">
    <ignored/>
  </testcase> <!-- search -->
</testsuite>
