<?xml version="1.0" encoding="UTF-8"?>
<!-- Generated by org.testng.reporters.JUnitXMLReporter -->
<testsuite hostname="MDLT222" ignored="2" name="Test1(failed)" tests="1" failures="0" timestamp="2020-05-15T11:17:58 IST" time="51.63" errors="0">
  <testcase name="search1" time="8.192" classname="appium.Demo1"/>
  <testcase name="search2" time="0.0" classname="appium.Demo1">
    <ignored/>
  </testcase> <!-- search2 -->
  <testcase name="search" time="0.0" classname="appium.Demo1">
    <ignored/>
  </testcase> <!-- search -->
</testsuite> <!-- Test1(failed) -->
